info it worked if it ends with ok
verbose cli [ 'node', '/usr/local/bin/npm' ]
info using npm@1.1.0-alpha-2
info using node@v0.6.3
verbose config file /home/rico/.npmrc
verbose config file /usr/local/etc/npmrc
verbose config file /usr/local/lib/node_modules/npm/npmrc
ERR! Error: ENOENT, no such file or directory '/usr/local/lib/node_modules/npm/man/man1/'
ERR! Report this *entire* log at:
ERR!     <http://github.com/isaacs/npm/issues>
ERR! or email it to:
ERR!     <npm-@googlegroups.com>
ERR! 
ERR! System Linux 3.0.0-14-generic
ERR! command "node" "/usr/local/bin/npm"
ERR! cwd /home/rico/local/throwstuff
ERR! node -v v0.6.3
ERR! npm -v 1.1.0-alpha-2
ERR! path /usr/local/lib/node_modules/npm/man/man1/
ERR! code ENOENT
ERR! message ENOENT, no such file or directory '/usr/local/lib/node_modules/npm/man/man1/'
verbose exit [ 1, true ]
